

Started GET "/" for ::1 at 2016-01-12 10:05:22 +0900
  [1m[36mActiveRecord::SchemaMigration Load (0.1ms)[0m  [1mSELECT `schema_migrations`.* FROM `schema_migrations`[0m
Processing by ChatsController#index as HTML
  [1m[35mUseraccount Load (0.2ms)[0m  SELECT  `useraccounts`.* FROM `useraccounts` WHERE `useraccounts`.`id` = 8  ORDER BY `useraccounts`.`id` ASC LIMIT 1
  [1m[36mChat Load (0.3ms)[0m  [1mSELECT `chats`.* FROM `chats`[0m
  [1m[35mUseraccount Load (0.4ms)[0m  SELECT  `useraccounts`.* FROM `useraccounts` WHERE `useraccounts`.`id` = 4 LIMIT 1
  [1m[36mCACHE (0.0ms)[0m  [1mSELECT  `useraccounts`.* FROM `useraccounts` WHERE `useraccounts`.`id` = 4 LIMIT 1[0m  [["id", "4"]]
  [1m[35mCACHE (0.0ms)[0m  SELECT  `useraccounts`.* FROM `useraccounts` WHERE `useraccounts`.`id` = 4 LIMIT 1  [["id", "4"]]
  [1m[36mCACHE (0.0ms)[0m  [1mSELECT  `useraccounts`.* FROM `useraccounts` WHERE `useraccounts`.`id` = 4 LIMIT 1[0m  [["id", "4"]]
  [1m[35mCACHE (0.0ms)[0m  SELECT  `useraccounts`.* FROM `useraccounts` WHERE `useraccounts`.`id` = 4 LIMIT 1  [["id", "4"]]
  [1m[36mCACHE (0.0ms)[0m  [1mSELECT  `useraccounts`.* FROM `useraccounts` WHERE `useraccounts`.`id` = 4 LIMIT 1[0m  [["id", "4"]]
  [1m[35mCACHE (0.0ms)[0m  SELECT  `useraccounts`.* FROM `useraccounts` WHERE `useraccounts`.`id` = 4 LIMIT 1  [["id", "4"]]
  [1m[36mCACHE (0.0ms)[0m  [1mSELECT  `useraccounts`.* FROM `useraccounts` WHERE `useraccounts`.`id` = 4 LIMIT 1[0m  [["id", "4"]]
  [1m[35mCACHE (0.0ms)[0m  SELECT  `useraccounts`.* FROM `useraccounts` WHERE `useraccounts`.`id` = 4 LIMIT 1  [["id", "4"]]
  [1m[36mUseraccount Load (0.2ms)[0m  [1mSELECT  `useraccounts`.* FROM `useraccounts` WHERE `useraccounts`.`id` = 7 LIMIT 1[0m
  [1m[35mCACHE (0.0ms)[0m  SELECT  `useraccounts`.* FROM `useraccounts` WHERE `useraccounts`.`id` = 7 LIMIT 1  [["id", "7"]]
  [1m[36mCACHE (0.0ms)[0m  [1mSELECT  `useraccounts`.* FROM `useraccounts` WHERE `useraccounts`.`id` = 7 LIMIT 1[0m  [["id", "7"]]
  [1m[35mCACHE (0.0ms)[0m  SELECT  `useraccounts`.* FROM `useraccounts` WHERE `useraccounts`.`id` = 7 LIMIT 1  [["id", "7"]]
  [1m[36mCACHE (0.0ms)[0m  [1mSELECT  `useraccounts`.* FROM `useraccounts` WHERE `useraccounts`.`id` = 7 LIMIT 1[0m  [["id", "7"]]
  [1m[35mCACHE (0.0ms)[0m  SELECT  `useraccounts`.* FROM `useraccounts` WHERE `useraccounts`.`id` = 7 LIMIT 1  [["id", "7"]]
  [1m[36mCACHE (0.0ms)[0m  [1mSELECT  `useraccounts`.* FROM `useraccounts` WHERE `useraccounts`.`id` = 7 LIMIT 1[0m  [["id", "7"]]
  [1m[35mCACHE (0.0ms)[0m  SELECT  `useraccounts`.* FROM `useraccounts` WHERE `useraccounts`.`id` = 7 LIMIT 1  [["id", "7"]]
  [1m[36mCACHE (0.0ms)[0m  [1mSELECT  `useraccounts`.* FROM `useraccounts` WHERE `useraccounts`.`id` = 7 LIMIT 1[0m  [["id", "7"]]
  [1m[35mCACHE (0.0ms)[0m  SELECT  `useraccounts`.* FROM `useraccounts` WHERE `useraccounts`.`id` = 7 LIMIT 1  [["id", "7"]]
  [1m[36mCACHE (0.0ms)[0m  [1mSELECT  `useraccounts`.* FROM `useraccounts` WHERE `useraccounts`.`id` = 7 LIMIT 1[0m  [["id", "7"]]
  [1m[35mCACHE (0.0ms)[0m  SELECT  `useraccounts`.* FROM `useraccounts` WHERE `useraccounts`.`id` = 7 LIMIT 1  [["id", "7"]]
  [1m[36mCACHE (0.0ms)[0m  [1mSELECT  `useraccounts`.* FROM `useraccounts` WHERE `useraccounts`.`id` = 7 LIMIT 1[0m  [["id", "7"]]
  [1m[35mCACHE (0.0ms)[0m  SELECT  `useraccounts`.* FROM `useraccounts` WHERE `useraccounts`.`id` = 7 LIMIT 1  [["id", "7"]]
  [1m[36mCACHE (0.0ms)[0m  [1mSELECT  `useraccounts`.* FROM `useraccounts` WHERE `useraccounts`.`id` = 7 LIMIT 1[0m  [["id", "7"]]
  [1m[35mCACHE (0.0ms)[0m  SELECT  `useraccounts`.* FROM `useraccounts` WHERE `useraccounts`.`id` = 4 LIMIT 1  [["id", "4"]]
  [1m[36mUseraccount Load (0.2ms)[0m  [1mSELECT  `useraccounts`.* FROM `useraccounts` WHERE `useraccounts`.`id` = 8 LIMIT 1[0m
  [1m[35mCACHE (0.0ms)[0m  SELECT  `useraccounts`.* FROM `useraccounts` WHERE `useraccounts`.`id` = 8 LIMIT 1  [["id", "8"]]
  Rendered chats/_chat.html.erb (36.4ms)
  Rendered chats/index.html.erb within layouts/application (47.8ms)
  [1m[36mUseraccount Load (0.3ms)[0m  [1mSELECT `useraccounts`.* FROM `useraccounts`[0m
Completed 200 OK in 261ms (Views: 224.6ms | ActiveRecord: 5.0ms)


Started GET "/assets/chats.self-e3b0c44298fc1c149afbf4c8996fb92427ae41e4649b934ca495991b7852b855.css?body=1" for ::1 at 2016-01-12 10:05:22 +0900


Started GET "/assets/useraccounts.self-e3b0c44298fc1c149afbf4c8996fb92427ae41e4649b934ca495991b7852b855.css?body=1" for ::1 at 2016-01-12 10:05:22 +0900


Started GET "/assets/style.self-d281bd0afdf20e5b9707a7f41e129c564d2c5cd790fcffc9fd73b0f7844c6de8.css?body=1" for ::1 at 2016-01-12 10:05:22 +0900


Started GET "/assets/dm.self-e3b0c44298fc1c149afbf4c8996fb92427ae41e4649b934ca495991b7852b855.css?body=1" for ::1 at 2016-01-12 10:05:22 +0900


Started GET "/assets/application.self-e80e8f2318043e8af94dddc2adad5a4f09739a8ebb323b3ab31cd71d45fd9113.css?body=1" for ::1 at 2016-01-12 10:05:22 +0900


Started GET "/assets/jquery.self-a714331225dda820228db323939889f149aec0127aeb06255646b616ba1ca419.js?body=1" for ::1 at 2016-01-12 10:05:22 +0900


Started GET "/assets/jquery_ujs.self-d456baa54c1fa6be2ec3711f0a72ddf7a5b2f34a6b4f515f33767d6207b7d4b3.js?body=1" for ::1 at 2016-01-12 10:05:22 +0900


Started GET "/assets/turbolinks.self-c37727e9bd6b2735da5c311aa83fead54ed0be6cc8bd9a65309e9c5abe2cbfff.js?body=1" for ::1 at 2016-01-12 10:05:22 +0900


Started GET "/assets/chats.self-877aef30ae1b040ab8a3aba4e3e309a11d7f2612f44dde450b5c157aa5f95c05.js?body=1" for ::1 at 2016-01-12 10:05:22 +0900


Started GET "/assets/dm.self-877aef30ae1b040ab8a3aba4e3e309a11d7f2612f44dde450b5c157aa5f95c05.js?body=1" for ::1 at 2016-01-12 10:05:22 +0900


Started GET "/assets/useraccounts.self-877aef30ae1b040ab8a3aba4e3e309a11d7f2612f44dde450b5c157aa5f95c05.js?body=1" for ::1 at 2016-01-12 10:05:22 +0900


Started GET "/assets/application.self-3b8dabdc891efe46b9a144b400ad69e37d7e5876bdc39dee783419a69d7ca819.js?body=1" for ::1 at 2016-01-12 10:05:22 +0900


Started GET "/assets/image.jpeg" for ::1 at 2016-01-12 10:05:22 +0900


Started GET "/" for ::1 at 2016-01-12 10:08:23 +0900
  [1m[36mActiveRecord::SchemaMigration Load (0.2ms)[0m  [1mSELECT `schema_migrations`.* FROM `schema_migrations`[0m
Processing by ChatsController#index as HTML
  [1m[35mUseraccount Load (0.2ms)[0m  SELECT  `useraccounts`.* FROM `useraccounts` WHERE `useraccounts`.`id` = 8  ORDER BY `useraccounts`.`id` ASC LIMIT 1
  [1m[36mChat Load (0.3ms)[0m  [1mSELECT `chats`.* FROM `chats`[0m
  [1m[35mUseraccount Load (0.3ms)[0m  SELECT  `useraccounts`.* FROM `useraccounts` WHERE `useraccounts`.`id` = 4 LIMIT 1
  [1m[36mCACHE (0.0ms)[0m  [1mSELECT  `useraccounts`.* FROM `useraccounts` WHERE `useraccounts`.`id` = 4 LIMIT 1[0m  [["id", "4"]]
  [1m[35mCACHE (0.0ms)[0m  SELECT  `useraccounts`.* FROM `useraccounts` WHERE `useraccounts`.`id` = 4 LIMIT 1  [["id", "4"]]
  [1m[36mCACHE (0.0ms)[0m  [1mSELECT  `useraccounts`.* FROM `useraccounts` WHERE `useraccounts`.`id` = 4 LIMIT 1[0m  [["id", "4"]]
  [1m[35mCACHE (0.0ms)[0m  SELECT  `useraccounts`.* FROM `useraccounts` WHERE `useraccounts`.`id` = 4 LIMIT 1  [["id", "4"]]
  [1m[36mCACHE (0.0ms)[0m  [1mSELECT  `useraccounts`.* FROM `useraccounts` WHERE `useraccounts`.`id` = 4 LIMIT 1[0m  [["id", "4"]]
  [1m[35mCACHE (0.0ms)[0m  SELECT  `useraccounts`.* FROM `useraccounts` WHERE `useraccounts`.`id` = 4 LIMIT 1  [["id", "4"]]
  [1m[36mCACHE (0.0ms)[0m  [1mSELECT  `useraccounts`.* FROM `useraccounts` WHERE `useraccounts`.`id` = 4 LIMIT 1[0m  [["id", "4"]]
  [1m[35mCACHE (0.0ms)[0m  SELECT  `useraccounts`.* FROM `useraccounts` WHERE `useraccounts`.`id` = 4 LIMIT 1  [["id", "4"]]
  [1m[36mUseraccount Load (0.3ms)[0m  [1mSELECT  `useraccounts`.* FROM `useraccounts` WHERE `useraccounts`.`id` = 7 LIMIT 1[0m
  [1m[35mCACHE (0.0ms)[0m  SELECT  `useraccounts`.* FROM `useraccounts` WHERE `useraccounts`.`id` = 7 LIMIT 1  [["id", "7"]]
  [1m[36mCACHE (0.0ms)[0m  [1mSELECT  `useraccounts`.* FROM `useraccounts` WHERE `useraccounts`.`id` = 7 LIMIT 1[0m  [["id", "7"]]
  [1m[35mCACHE (0.0ms)[0m  SELECT  `useraccounts`.* FROM `useraccounts` WHERE `useraccounts`.`id` = 7 LIMIT 1  [["id", "7"]]
  [1m[36mCACHE (0.0ms)[0m  [1mSELECT  `useraccounts`.* FROM `useraccounts` WHERE `useraccounts`.`id` = 7 LIMIT 1[0m  [["id", "7"]]
  [1m[35mCACHE (0.0ms)[0m  SELECT  `useraccounts`.* FROM `useraccounts` WHERE `useraccounts`.`id` = 7 LIMIT 1  [["id", "7"]]
  [1m[36mCACHE (0.0ms)[0m  [1mSELECT  `useraccounts`.* FROM `useraccounts` WHERE `useraccounts`.`id` = 7 LIMIT 1[0m  [["id", "7"]]
  [1m[35mCACHE (0.0ms)[0m  SELECT  `useraccounts`.* FROM `useraccounts` WHERE `useraccounts`.`id` = 7 LIMIT 1  [["id", "7"]]
  [1m[36mCACHE (0.0ms)[0m  [1mSELECT  `useraccounts`.* FROM `useraccounts` WHERE `useraccounts`.`id` = 7 LIMIT 1[0m  [["id", "7"]]
  [1m[35mCACHE (0.0ms)[0m  SELECT  `useraccounts`.* FROM `useraccounts` WHERE `useraccounts`.`id` = 7 LIMIT 1  [["id", "7"]]
  [1m[36mCACHE (0.0ms)[0m  [1mSELECT  `useraccounts`.* FROM `useraccounts` WHERE `useraccounts`.`id` = 7 LIMIT 1[0m  [["id", "7"]]
  [1m[35mCACHE (0.0ms)[0m  SELECT  `useraccounts`.* FROM `useraccounts` WHERE `useraccounts`.`id` = 7 LIMIT 1  [["id", "7"]]
  [1m[36mCACHE (0.0ms)[0m  [1mSELECT  `useraccounts`.* FROM `useraccounts` WHERE `useraccounts`.`id` = 7 LIMIT 1[0m  [["id", "7"]]
  [1m[35mCACHE (0.0ms)[0m  SELECT  `useraccounts`.* FROM `useraccounts` WHERE `useraccounts`.`id` = 7 LIMIT 1  [["id", "7"]]
  [1m[36mCACHE (0.0ms)[0m  [1mSELECT  `useraccounts`.* FROM `useraccounts` WHERE `useraccounts`.`id` = 7 LIMIT 1[0m  [["id", "7"]]
  [1m[35mCACHE (0.0ms)[0m  SELECT  `useraccounts`.* FROM `useraccounts` WHERE `useraccounts`.`id` = 4 LIMIT 1  [["id", "4"]]
  [1m[36mUseraccount Load (0.3ms)[0m  [1mSELECT  `useraccounts`.* FROM `useraccounts` WHERE `useraccounts`.`id` = 8 LIMIT 1[0m
  [1m[35mCACHE (0.0ms)[0m  SELECT  `useraccounts`.* FROM `useraccounts` WHERE `useraccounts`.`id` = 8 LIMIT 1  [["id", "8"]]
  Rendered chats/_chat.html.erb (35.0ms)
  Rendered chats/index.html.erb within layouts/application (49.0ms)
  [1m[36mUseraccount Load (0.3ms)[0m  [1mSELECT `useraccounts`.* FROM `useraccounts`[0m
Completed 200 OK in 279ms (Views: 244.8ms | ActiveRecord: 4.9ms)


Started GET "/assets/dm.self-e3b0c44298fc1c149afbf4c8996fb92427ae41e4649b934ca495991b7852b855.css?body=1" for ::1 at 2016-01-12 10:08:24 +0900


Started GET "/assets/chats.self-e3b0c44298fc1c149afbf4c8996fb92427ae41e4649b934ca495991b7852b855.css?body=1" for ::1 at 2016-01-12 10:08:24 +0900


Started GET "/assets/useraccounts.self-e3b0c44298fc1c149afbf4c8996fb92427ae41e4649b934ca495991b7852b855.css?body=1" for ::1 at 2016-01-12 10:08:24 +0900


Started GET "/assets/application.self-e80e8f2318043e8af94dddc2adad5a4f09739a8ebb323b3ab31cd71d45fd9113.css?body=1" for ::1 at 2016-01-12 10:08:24 +0900


Started GET "/assets/jquery.self-a714331225dda820228db323939889f149aec0127aeb06255646b616ba1ca419.js?body=1" for ::1 at 2016-01-12 10:08:24 +0900


Started GET "/assets/style.self-d281bd0afdf20e5b9707a7f41e129c564d2c5cd790fcffc9fd73b0f7844c6de8.css?body=1" for ::1 at 2016-01-12 10:08:24 +0900


Started GET "/assets/jquery_ujs.self-d456baa54c1fa6be2ec3711f0a72ddf7a5b2f34a6b4f515f33767d6207b7d4b3.js?body=1" for ::1 at 2016-01-12 10:08:24 +0900


Started GET "/assets/turbolinks.self-c37727e9bd6b2735da5c311aa83fead54ed0be6cc8bd9a65309e9c5abe2cbfff.js?body=1" for ::1 at 2016-01-12 10:08:24 +0900


Started GET "/assets/chats.self-877aef30ae1b040ab8a3aba4e3e309a11d7f2612f44dde450b5c157aa5f95c05.js?body=1" for ::1 at 2016-01-12 10:08:24 +0900


Started GET "/assets/dm.self-877aef30ae1b040ab8a3aba4e3e309a11d7f2612f44dde450b5c157aa5f95c05.js?body=1" for ::1 at 2016-01-12 10:08:24 +0900


Started GET "/assets/useraccounts.self-877aef30ae1b040ab8a3aba4e3e309a11d7f2612f44dde450b5c157aa5f95c05.js?body=1" for ::1 at 2016-01-12 10:08:24 +0900


Started GET "/assets/application.self-3b8dabdc891efe46b9a144b400ad69e37d7e5876bdc39dee783419a69d7ca819.js?body=1" for ::1 at 2016-01-12 10:08:24 +0900


Started GET "/" for ::1 at 2016-01-12 10:09:15 +0900
Processing by ChatsController#index as HTML
  [1m[35mUseraccount Load (0.2ms)[0m  SELECT  `useraccounts`.* FROM `useraccounts` WHERE `useraccounts`.`id` = 8  ORDER BY `useraccounts`.`id` ASC LIMIT 1
  [1m[36mChat Load (0.2ms)[0m  [1mSELECT `chats`.* FROM `chats`[0m
  [1m[35mUseraccount Load (0.2ms)[0m  SELECT  `useraccounts`.* FROM `useraccounts` WHERE `useraccounts`.`id` = 4 LIMIT 1
  [1m[36mCACHE (0.0ms)[0m  [1mSELECT  `useraccounts`.* FROM `useraccounts` WHERE `useraccounts`.`id` = 4 LIMIT 1[0m  [["id", "4"]]
  [1m[35mCACHE (0.0ms)[0m  SELECT  `useraccounts`.* FROM `useraccounts` WHERE `useraccounts`.`id` = 4 LIMIT 1  [["id", "4"]]
  [1m[36mCACHE (0.0ms)[0m  [1mSELECT  `useraccounts`.* FROM `useraccounts` WHERE `useraccounts`.`id` = 4 LIMIT 1[0m  [["id", "4"]]
  [1m[35mCACHE (0.0ms)[0m  SELECT  `useraccounts`.* FROM `useraccounts` WHERE `useraccounts`.`id` = 4 LIMIT 1  [["id", "4"]]
  [1m[36mCACHE (0.0ms)[0m  [1mSELECT  `useraccounts`.* FROM `useraccounts` WHERE `useraccounts`.`id` = 4 LIMIT 1[0m  [["id", "4"]]
  [1m[35mCACHE (0.0ms)[0m  SELECT  `useraccounts`.* FROM `useraccounts` WHERE `useraccounts`.`id` = 4 LIMIT 1  [["id", "4"]]
  [1m[36mCACHE (0.0ms)[0m  [1mSELECT  `useraccounts`.* FROM `useraccounts` WHERE `useraccounts`.`id` = 4 LIMIT 1[0m  [["id", "4"]]
  [1m[35mCACHE (0.0ms)[0m  SELECT  `useraccounts`.* FROM `useraccounts` WHERE `useraccounts`.`id` = 4 LIMIT 1  [["id", "4"]]
  [1m[36mUseraccount Load (0.2ms)[0m  [1mSELECT  `useraccounts`.* FROM `useraccounts` WHERE `useraccounts`.`id` = 7 LIMIT 1[0m
  [1m[35mCACHE (0.0ms)[0m  SELECT  `useraccounts`.* FROM `useraccounts` WHERE `useraccounts`.`id` = 7 LIMIT 1  [["id", "7"]]
  [1m[36mCACHE (0.0ms)[0m  [1mSELECT  `useraccounts`.* FROM `useraccounts` WHERE `useraccounts`.`id` = 7 LIMIT 1[0m  [["id", "7"]]
  [1m[35mCACHE (0.0ms)[0m  SELECT  `useraccounts`.* FROM `useraccounts` WHERE `useraccounts`.`id` = 7 LIMIT 1  [["id", "7"]]
  [1m[36mCACHE (0.0ms)[0m  [1mSELECT  `useraccounts`.* FROM `useraccounts` WHERE `useraccounts`.`id` = 7 LIMIT 1[0m  [["id", "7"]]
  [1m[35mCACHE (0.0ms)[0m  SELECT  `useraccounts`.* FROM `useraccounts` WHERE `useraccounts`.`id` = 7 LIMIT 1  [["id", "7"]]
  [1m[36mCACHE (0.0ms)[0m  [1mSELECT  `useraccounts`.* FROM `useraccounts` WHERE `useraccounts`.`id` = 7 LIMIT 1[0m  [["id", "7"]]
  [1m[35mCACHE (0.0ms)[0m  SELECT  `useraccounts`.* FROM `useraccounts` WHERE `useraccounts`.`id` = 7 LIMIT 1  [["id", "7"]]
  [1m[36mCACHE (0.0ms)[0m  [1mSELECT  `useraccounts`.* FROM `useraccounts` WHERE `useraccounts`.`id` = 7 LIMIT 1[0m  [["id", "7"]]
  [1m[35mCACHE (0.0ms)[0m  SELECT  `useraccounts`.* FROM `useraccounts` WHERE `useraccounts`.`id` = 7 LIMIT 1  [["id", "7"]]
  [1m[36mCACHE (0.0ms)[0m  [1mSELECT  `useraccounts`.* FROM `useraccounts` WHERE `useraccounts`.`id` = 7 LIMIT 1[0m  [["id", "7"]]
  [1m[35mCACHE (0.0ms)[0m  SELECT  `useraccounts`.* FROM `useraccounts` WHERE `useraccounts`.`id` = 7 LIMIT 1  [["id", "7"]]
  [1m[36mCACHE (0.0ms)[0m  [1mSELECT  `useraccounts`.* FROM `useraccounts` WHERE `useraccounts`.`id` = 7 LIMIT 1[0m  [["id", "7"]]
  [1m[35mCACHE (0.0ms)[0m  SELECT  `useraccounts`.* FROM `useraccounts` WHERE `useraccounts`.`id` = 7 LIMIT 1  [["id", "7"]]
  [1m[36mCACHE (0.0ms)[0m  [1mSELECT  `useraccounts`.* FROM `useraccounts` WHERE `useraccounts`.`id` = 7 LIMIT 1[0m  [["id", "7"]]
  [1m[35mCACHE (0.0ms)[0m  SELECT  `useraccounts`.* FROM `useraccounts` WHERE `useraccounts`.`id` = 4 LIMIT 1  [["id", "4"]]
  [1m[36mUseraccount Load (0.2ms)[0m  [1mSELECT  `useraccounts`.* FROM `useraccounts` WHERE `useraccounts`.`id` = 8 LIMIT 1[0m
  [1m[35mCACHE (0.0ms)[0m  SELECT  `useraccounts`.* FROM `useraccounts` WHERE `useraccounts`.`id` = 8 LIMIT 1  [["id", "8"]]
  Rendered chats/_chat.html.erb (15.0ms)
  Rendered chats/index.html.erb within layouts/application (17.2ms)
  [1m[36mUseraccount Load (0.3ms)[0m  [1mSELECT `useraccounts`.* FROM `useraccounts`[0m
Completed 200 OK in 56ms (Views: 52.6ms | ActiveRecord: 1.6ms)


Started GET "/assets/dm.self-e3b0c44298fc1c149afbf4c8996fb92427ae41e4649b934ca495991b7852b855.css?body=1" for ::1 at 2016-01-12 10:09:15 +0900


Started GET "/assets/chats.self-e3b0c44298fc1c149afbf4c8996fb92427ae41e4649b934ca495991b7852b855.css?body=1" for ::1 at 2016-01-12 10:09:15 +0900


Started GET "/assets/jquery.self-a714331225dda820228db323939889f149aec0127aeb06255646b616ba1ca419.js?body=1" for ::1 at 2016-01-12 10:09:15 +0900


Started GET "/assets/style.self-d281bd0afdf20e5b9707a7f41e129c564d2c5cd790fcffc9fd73b0f7844c6de8.css?body=1" for ::1 at 2016-01-12 10:09:15 +0900


Started GET "/assets/useraccounts.self-e3b0c44298fc1c149afbf4c8996fb92427ae41e4649b934ca495991b7852b855.css?body=1" for ::1 at 2016-01-12 10:09:15 +0900


Started GET "/assets/application.self-e80e8f2318043e8af94dddc2adad5a4f09739a8ebb323b3ab31cd71d45fd9113.css?body=1" for ::1 at 2016-01-12 10:09:15 +0900


Started GET "/assets/jquery_ujs.self-d456baa54c1fa6be2ec3711f0a72ddf7a5b2f34a6b4f515f33767d6207b7d4b3.js?body=1" for ::1 at 2016-01-12 10:09:15 +0900


Started GET "/assets/turbolinks.self-c37727e9bd6b2735da5c311aa83fead54ed0be6cc8bd9a65309e9c5abe2cbfff.js?body=1" for ::1 at 2016-01-12 10:09:15 +0900


Started GET "/assets/chats.self-877aef30ae1b040ab8a3aba4e3e309a11d7f2612f44dde450b5c157aa5f95c05.js?body=1" for ::1 at 2016-01-12 10:09:15 +0900


Started GET "/assets/dm.self-877aef30ae1b040ab8a3aba4e3e309a11d7f2612f44dde450b5c157aa5f95c05.js?body=1" for ::1 at 2016-01-12 10:09:15 +0900


Started GET "/assets/useraccounts.self-877aef30ae1b040ab8a3aba4e3e309a11d7f2612f44dde450b5c157aa5f95c05.js?body=1" for ::1 at 2016-01-12 10:09:15 +0900


Started GET "/assets/application.self-3b8dabdc891efe46b9a144b400ad69e37d7e5876bdc39dee783419a69d7ca819.js?body=1" for ::1 at 2016-01-12 10:09:15 +0900


Started GET "/" for ::1 at 2016-01-12 10:10:54 +0900
  [1m[36mActiveRecord::SchemaMigration Load (0.1ms)[0m  [1mSELECT `schema_migrations`.* FROM `schema_migrations`[0m
Processing by ChatsController#index as HTML
  [1m[35mUseraccount Load (0.3ms)[0m  SELECT  `useraccounts`.* FROM `useraccounts` WHERE `useraccounts`.`id` = 8  ORDER BY `useraccounts`.`id` ASC LIMIT 1
  [1m[36mChat Load (0.3ms)[0m  [1mSELECT `chats`.* FROM `chats`[0m
  [1m[35mUseraccount Load (0.3ms)[0m  SELECT  `useraccounts`.* FROM `useraccounts` WHERE `useraccounts`.`id` = 4 LIMIT 1
  [1m[36mCACHE (0.0ms)[0m  [1mSELECT  `useraccounts`.* FROM `useraccounts` WHERE `useraccounts`.`id` = 4 LIMIT 1[0m  [["id", "4"]]
  [1m[35mCACHE (0.0ms)[0m  SELECT  `useraccounts`.* FROM `useraccounts` WHERE `useraccounts`.`id` = 4 LIMIT 1  [["id", "4"]]
  [1m[36mCACHE (0.0ms)[0m  [1mSELECT  `useraccounts`.* FROM `useraccounts` WHERE `useraccounts`.`id` = 4 LIMIT 1[0m  [["id", "4"]]
  [1m[35mCACHE (0.0ms)[0m  SELECT  `useraccounts`.* FROM `useraccounts` WHERE `useraccounts`.`id` = 4 LIMIT 1  [["id", "4"]]
  [1m[36mCACHE (0.0ms)[0m  [1mSELECT  `useraccounts`.* FROM `useraccounts` WHERE `useraccounts`.`id` = 4 LIMIT 1[0m  [["id", "4"]]
  [1m[35mCACHE (0.0ms)[0m  SELECT  `useraccounts`.* FROM `useraccounts` WHERE `useraccounts`.`id` = 4 LIMIT 1  [["id", "4"]]
  [1m[36mCACHE (0.0ms)[0m  [1mSELECT  `useraccounts`.* FROM `useraccounts` WHERE `useraccounts`.`id` = 4 LIMIT 1[0m  [["id", "4"]]
  [1m[35mCACHE (0.0ms)[0m  SELECT  `useraccounts`.* FROM `useraccounts` WHERE `useraccounts`.`id` = 4 LIMIT 1  [["id", "4"]]
  [1m[36mUseraccount Load (0.3ms)[0m  [1mSELECT  `useraccounts`.* FROM `useraccounts` WHERE `useraccounts`.`id` = 7 LIMIT 1[0m
  [1m[35mCACHE (0.0ms)[0m  SELECT  `useraccounts`.* FROM `useraccounts` WHERE `useraccounts`.`id` = 7 LIMIT 1  [["id", "7"]]
  [1m[36mCACHE (0.0ms)[0m  [1mSELECT  `useraccounts`.* FROM `useraccounts` WHERE `useraccounts`.`id` = 7 LIMIT 1[0m  [["id", "7"]]
  [1m[35mCACHE (0.0ms)[0m  SELECT  `useraccounts`.* FROM `useraccounts` WHERE `useraccounts`.`id` = 7 LIMIT 1  [["id", "7"]]
  [1m[36mCACHE (0.0ms)[0m  [1mSELECT  `useraccounts`.* FROM `useraccounts` WHERE `useraccounts`.`id` = 7 LIMIT 1[0m  [["id", "7"]]
  [1m[35mCACHE (0.0ms)[0m  SELECT  `useraccounts`.* FROM `useraccounts` WHERE `useraccounts`.`id` = 7 LIMIT 1  [["id", "7"]]
  [1m[36mCACHE (0.0ms)[0m  [1mSELECT  `useraccounts`.* FROM `useraccounts` WHERE `useraccounts`.`id` = 7 LIMIT 1[0m  [["id", "7"]]
  [1m[35mCACHE (0.0ms)[0m  SELECT  `useraccounts`.* FROM `useraccounts` WHERE `useraccounts`.`id` = 7 LIMIT 1  [["id", "7"]]
  [1m[36mCACHE (0.0ms)[0m  [1mSELECT  `useraccounts`.* FROM `useraccounts` WHERE `useraccounts`.`id` = 7 LIMIT 1[0m  [["id", "7"]]
  [1m[35mCACHE (0.0ms)[0m  SELECT  `useraccounts`.* FROM `useraccounts` WHERE `useraccounts`.`id` = 7 LIMIT 1  [["id", "7"]]
  [1m[36mCACHE (0.0ms)[0m  [1mSELECT  `useraccounts`.* FROM `useraccounts` WHERE `useraccounts`.`id` = 7 LIMIT 1[0m  [["id", "7"]]
  [1m[35mCACHE (0.0ms)[0m  SELECT  `useraccounts`.* FROM `useraccounts` WHERE `useraccounts`.`id` = 7 LIMIT 1  [["id", "7"]]
  [1m[36mCACHE (0.0ms)[0m  [1mSELECT  `useraccounts`.* FROM `useraccounts` WHERE `useraccounts`.`id` = 7 LIMIT 1[0m  [["id", "7"]]
  [1m[35mCACHE (0.0ms)[0m  SELECT  `useraccounts`.* FROM `useraccounts` WHERE `useraccounts`.`id` = 7 LIMIT 1  [["id", "7"]]
  [1m[36mCACHE (0.0ms)[0m  [1mSELECT  `useraccounts`.* FROM `useraccounts` WHERE `useraccounts`.`id` = 7 LIMIT 1[0m  [["id", "7"]]
  [1m[35mCACHE (0.0ms)[0m  SELECT  `useraccounts`.* FROM `useraccounts` WHERE `useraccounts`.`id` = 4 LIMIT 1  [["id", "4"]]
  [1m[36mUseraccount Load (0.2ms)[0m  [1mSELECT  `useraccounts`.* FROM `useraccounts` WHERE `useraccounts`.`id` = 8 LIMIT 1[0m
  [1m[35mCACHE (0.0ms)[0m  SELECT  `useraccounts`.* FROM `useraccounts` WHERE `useraccounts`.`id` = 8 LIMIT 1  [["id", "8"]]
  Rendered chats/_chat.html.erb (36.3ms)
  Rendered chats/index.html.erb within layouts/application (48.0ms)
  [1m[36mUseraccount Load (0.3ms)[0m  [1mSELECT `useraccounts`.* FROM `useraccounts`[0m
Completed 200 OK in 282ms (Views: 246.2ms | ActiveRecord: 4.8ms)


Started GET "/assets/chats.self-e3b0c44298fc1c149afbf4c8996fb92427ae41e4649b934ca495991b7852b855.css?body=1" for ::1 at 2016-01-12 10:10:54 +0900


Started GET "/assets/dm.self-e3b0c44298fc1c149afbf4c8996fb92427ae41e4649b934ca495991b7852b855.css?body=1" for ::1 at 2016-01-12 10:10:54 +0900


Started GET "/assets/style.self-d281bd0afdf20e5b9707a7f41e129c564d2c5cd790fcffc9fd73b0f7844c6de8.css?body=1" for ::1 at 2016-01-12 10:10:54 +0900


Started GET "/assets/application.self-e80e8f2318043e8af94dddc2adad5a4f09739a8ebb323b3ab31cd71d45fd9113.css?body=1" for ::1 at 2016-01-12 10:10:54 +0900


Started GET "/assets/useraccounts.self-e3b0c44298fc1c149afbf4c8996fb92427ae41e4649b934ca495991b7852b855.css?body=1" for ::1 at 2016-01-12 10:10:54 +0900


Started GET "/assets/jquery.self-a714331225dda820228db323939889f149aec0127aeb06255646b616ba1ca419.js?body=1" for ::1 at 2016-01-12 10:10:54 +0900


Started GET "/assets/jquery_ujs.self-d456baa54c1fa6be2ec3711f0a72ddf7a5b2f34a6b4f515f33767d6207b7d4b3.js?body=1" for ::1 at 2016-01-12 10:10:54 +0900


Started GET "/assets/turbolinks.self-c37727e9bd6b2735da5c311aa83fead54ed0be6cc8bd9a65309e9c5abe2cbfff.js?body=1" for ::1 at 2016-01-12 10:10:54 +0900


Started GET "/assets/chats.self-877aef30ae1b040ab8a3aba4e3e309a11d7f2612f44dde450b5c157aa5f95c05.js?body=1" for ::1 at 2016-01-12 10:10:54 +0900


Started GET "/assets/dm.self-877aef30ae1b040ab8a3aba4e3e309a11d7f2612f44dde450b5c157aa5f95c05.js?body=1" for ::1 at 2016-01-12 10:10:54 +0900


Started GET "/assets/useraccounts.self-877aef30ae1b040ab8a3aba4e3e309a11d7f2612f44dde450b5c157aa5f95c05.js?body=1" for ::1 at 2016-01-12 10:10:54 +0900


Started GET "/assets/application.self-3b8dabdc891efe46b9a144b400ad69e37d7e5876bdc39dee783419a69d7ca819.js?body=1" for ::1 at 2016-01-12 10:10:54 +0900
